TenjinApplicaion/base/tenjin/build/app/intermediates/manifest_merge_blame_file/debug/manifest-merger-blame-debug-report.txt
1<?xml version="1.0" encoding="utf-8"?>
2<manifest xmlns:android="http://schemas.android.com/apk/res/android"
3    package="com.example.tenjin"
4    android:versionCode="1"
5    android:versionName="1.0.0" >
6
7    <uses-sdk
8        android:minSdkVersion="21"
9        android:targetSdkVersion="28" />
10    <!--
11         Flutter needs it to communicate with the running application
12         to allow setting breakpoints, to provide hot reload, etc.
13    -->
14    <uses-permission android:name="android.permission.INTERNET" />
14-->src\debug\AndroidManifest.xml:6:5-66
14-->src\debug\AndroidManifest.xml:6:22-64
15    <uses-permission android:name="android.permission.READ_EXTERNAL_STORAGE" />
15-->[:file_picker] AndroidManifest.xml:7:5-80
15-->[:file_picker] AndroidManifest.xml:7:22-77
16    <uses-permission android:name="android.permission.ACCESS_NETWORK_STATE" />
16-->[com.google.android.gms:play-services-measurement:17.2.2] AndroidManifest.xml:24:5-79
16-->[com.google.android.gms:play-services-measurement:17.2.2] AndroidManifest.xml:24:22-76
17    <uses-permission android:name="android.permission.WAKE_LOCK" />
17-->[com.google.android.gms:play-services-measurement:17.2.2] AndroidManifest.xml:25:5-68
17-->[com.google.android.gms:play-services-measurement:17.2.2] AndroidManifest.xml:25:22-65
18    <uses-permission android:name="com.google.android.finsky.permission.BIND_GET_INSTALL_REFERRER_SERVICE" /> <!-- Required by older versions of Google Play services to create IID tokens -->
18-->[com.google.android.gms:play-services-measurement:17.2.2] AndroidManifest.xml:26:5-110
18-->[com.google.android.gms:play-services-measurement:17.2.2] AndroidManifest.xml:26:22-107
19    <uses-permission android:name="com.google.android.c2dm.permission.RECEIVE" />
19-->[com.google.firebase:firebase-iid:20.0.2] AndroidManifest.xml:26:5-82
19-->[com.google.firebase:firebase-iid:20.0.2] AndroidManifest.xml:26:22-79
20    <!--
21 io.flutter.app.FlutterApplication is an android.app.Application that
22         calls FlutterMain.startInitialization(this); in its onCreate method.
23         In most cases you can leave this as-is, but you if you want to provide
24         additional functionality it is fine to subclass or reimplement
25         FlutterApplication and put your custom class here.
26    -->
27    <application
27-->src\main\AndroidManifest.xml:8:5-29:19
28        android:name="io.flutter.app.FlutterApplication"
28-->src\main\AndroidManifest.xml:9:9-57
29        android:appComponentFactory="androidx.core.app.CoreComponentFactory"
29-->[androidx.core:core:1.0.2] AndroidManifest.xml:22:18-86
30        android:debuggable="true"
31        android:icon="@mipmap/ic_launcher"
31-->src\main\AndroidManifest.xml:11:9-43
32        android:label="tenjin" >
32-->src\main\AndroidManifest.xml:10:9-31
33        <activity
33-->src\main\AndroidManifest.xml:12:9-23:20
34            android:name="com.example.tenjin.MainActivity"
34-->src\main\AndroidManifest.xml:13:13-41
35            android:configChanges="orientation|keyboardHidden|keyboard|screenSize|smallestScreenSize|locale|layoutDirection|fontScale|screenLayout|density|uiMode"
35-->src\main\AndroidManifest.xml:16:13-163
36            android:hardwareAccelerated="true"
36-->src\main\AndroidManifest.xml:17:13-47
37            android:launchMode="singleTop"
37-->src\main\AndroidManifest.xml:14:13-43
38            android:theme="@style/LaunchTheme"
38-->src\main\AndroidManifest.xml:15:13-47
39            android:windowSoftInputMode="adjustResize" >
39-->src\main\AndroidManifest.xml:18:13-55
40            <intent-filter>
40-->src\main\AndroidManifest.xml:19:13-22:29
41                <action android:name="android.intent.action.MAIN" />
41-->src\main\AndroidManifest.xml:20:17-68
41-->src\main\AndroidManifest.xml:20:25-66
42
43                <category android:name="android.intent.category.LAUNCHER" />
43-->src\main\AndroidManifest.xml:21:17-76
43-->src\main\AndroidManifest.xml:21:27-74
44            </intent-filter>
45        </activity>
46        <!--
47             Don't delete the meta-data below.
48             This is used by the Flutter tool to generate GeneratedPluginRegistrant.java
49        -->
50        <meta-data
50-->src\main\AndroidManifest.xml:26:9-28:33
51            android:name="flutterEmbedding"
51-->src\main\AndroidManifest.xml:27:13-44
52            android:value="2" />
52-->src\main\AndroidManifest.xml:28:13-30
53
54        <service
54-->[:cloud_firestore] AndroidManifest.xml:8:9-12:19
55            android:name="com.google.firebase.components.ComponentDiscoveryService"
55-->[:cloud_firestore] AndroidManifest.xml:8:18-89
56            android:directBootAware="true"
56-->[com.google.firebase:firebase-common:19.3.0] AndroidManifest.xml:34:13-43
57            android:exported="false" >
57-->[com.google.firebase:firebase-auth:19.2.0] AndroidManifest.xml:35:13-37
58            <meta-data
58-->[:cloud_firestore] AndroidManifest.xml:9:13-11:85
59                android:name="com.google.firebase.components:io.flutter.plugins.firebase.cloudfirestore.FlutterFirebaseAppRegistrar"
59-->[:cloud_firestore] AndroidManifest.xml:10:17-133
60                android:value="com.google.firebase.components.ComponentRegistrar" />
60-->[:cloud_firestore] AndroidManifest.xml:11:17-82
61            <meta-data
61-->[:firebase_auth] AndroidManifest.xml:9:13-11:85
62                android:name="com.google.firebase.components:io.flutter.plugins.firebaseauth.FlutterFirebaseAppRegistrar"
62-->[:firebase_auth] AndroidManifest.xml:10:17-122
63                android:value="com.google.firebase.components.ComponentRegistrar" />
63-->[:firebase_auth] AndroidManifest.xml:11:17-82
64            <meta-data
64-->[:firebase_storage] AndroidManifest.xml:9:13-11:85
65                android:name="com.google.firebase.components:io.flutter.plugins.firebase.storage.FlutterFirebaseAppRegistrar"
65-->[:firebase_storage] AndroidManifest.xml:10:17-126
66                android:value="com.google.firebase.components.ComponentRegistrar" />
66-->[:firebase_storage] AndroidManifest.xml:11:17-82
67            <meta-data
67-->[:firebase_core] AndroidManifest.xml:9:13-11:85
68                android:name="com.google.firebase.components:io.flutter.plugins.firebase.core.FlutterFirebaseAppRegistrar"
68-->[:firebase_core] AndroidManifest.xml:10:17-123
69                android:value="com.google.firebase.components.ComponentRegistrar" />
69-->[:firebase_core] AndroidManifest.xml:11:17-82
70            <meta-data
70-->[com.google.firebase:firebase-auth:19.2.0] AndroidManifest.xml:36:13-38:85
71                android:name="com.google.firebase.components:com.google.firebase.auth.FirebaseAuthRegistrar"
71-->[com.google.firebase:firebase-auth:19.2.0] AndroidManifest.xml:37:17-109
72                android:value="com.google.firebase.components.ComponentRegistrar" />
72-->[com.google.firebase:firebase-auth:19.2.0] AndroidManifest.xml:38:17-82
73            <meta-data
73-->[com.google.android.gms:play-services-measurement-api:17.2.2] AndroidManifest.xml:30:13-32:85
74                android:name="com.google.firebase.components:com.google.firebase.analytics.connector.internal.AnalyticsConnectorRegistrar"
74-->[com.google.android.gms:play-services-measurement-api:17.2.2] AndroidManifest.xml:31:17-139
75                android:value="com.google.firebase.components.ComponentRegistrar" />
75-->[com.google.android.gms:play-services-measurement-api:17.2.2] AndroidManifest.xml:32:17-82
76            <meta-data
76-->[com.google.firebase:firebase-firestore:21.3.0] AndroidManifest.xml:20:13-22:85
77                android:name="com.google.firebase.components:com.google.firebase.firestore.FirestoreRegistrar"
77-->[com.google.firebase:firebase-firestore:21.3.0] AndroidManifest.xml:21:17-111
78                android:value="com.google.firebase.components.ComponentRegistrar" />
78-->[com.google.firebase:firebase-firestore:21.3.0] AndroidManifest.xml:22:17-82
79            <meta-data
79-->[com.google.firebase:firebase-storage:17.0.0] AndroidManifest.xml:31:13-33:85
80                android:name="com.google.firebase.components:com.google.firebase.storage.StorageRegistrar"
80-->[com.google.firebase:firebase-storage:17.0.0] AndroidManifest.xml:32:17-107
81                android:value="com.google.firebase.components.ComponentRegistrar" />
81-->[com.google.firebase:firebase-storage:17.0.0] AndroidManifest.xml:33:17-82
82            <meta-data
82-->[com.google.firebase:firebase-iid:20.0.2] AndroidManifest.xml:32:13-34:85
83                android:name="com.google.firebase.components:com.google.firebase.iid.Registrar"
83-->[com.google.firebase:firebase-iid:20.0.2] AndroidManifest.xml:33:17-96
84                android:value="com.google.firebase.components.ComponentRegistrar" />
84-->[com.google.firebase:firebase-iid:20.0.2] AndroidManifest.xml:34:17-82
85        </service>
86
87        <activity
87-->[com.google.firebase:firebase-auth:19.2.0] AndroidManifest.xml:24:9-31:50
88            android:name="com.google.firebase.auth.internal.FederatedSignInActivity"
88-->[com.google.firebase:firebase-auth:19.2.0] AndroidManifest.xml:25:13-85
89            android:excludeFromRecents="true"
89-->[com.google.firebase:firebase-auth:19.2.0] AndroidManifest.xml:26:13-46
90            android:exported="true"
90-->[com.google.firebase:firebase-auth:19.2.0] AndroidManifest.xml:27:13-36
91            android:launchMode="singleTask"
91-->[com.google.firebase:firebase-auth:19.2.0] AndroidManifest.xml:28:13-44
92            android:permission="com.google.firebase.auth.api.gms.permission.LAUNCH_FEDERATED_SIGN_IN"
92-->[com.google.firebase:firebase-auth:19.2.0] AndroidManifest.xml:29:13-102
93            android:theme="@android:style/Theme.Translucent.NoTitleBar" />
93-->[com.google.firebase:firebase-auth:19.2.0] AndroidManifest.xml:30:13-72
94
95        <receiver
95-->[com.google.android.gms:play-services-measurement:17.2.2] AndroidManifest.xml:29:9-33:20
96            android:name="com.google.android.gms.measurement.AppMeasurementReceiver"
96-->[com.google.android.gms:play-services-measurement:17.2.2] AndroidManifest.xml:30:13-85
97            android:enabled="true"
97-->[com.google.android.gms:play-services-measurement:17.2.2] AndroidManifest.xml:31:13-35
98            android:exported="false" >
98-->[com.google.android.gms:play-services-measurement:17.2.2] AndroidManifest.xml:32:13-37
99        </receiver>
100        <receiver
100-->[com.google.android.gms:play-services-measurement:17.2.2] AndroidManifest.xml:34:9-42:20
101            android:name="com.google.android.gms.measurement.AppMeasurementInstallReferrerReceiver"
101-->[com.google.android.gms:play-services-measurement:17.2.2] AndroidManifest.xml:35:13-100
102            android:enabled="true"
102-->[com.google.android.gms:play-services-measurement:17.2.2] AndroidManifest.xml:36:13-35
103            android:exported="true"
103-->[com.google.android.gms:play-services-measurement:17.2.2] AndroidManifest.xml:37:13-36
104            android:permission="android.permission.INSTALL_PACKAGES" >
104-->[com.google.android.gms:play-services-measurement:17.2.2] AndroidManifest.xml:38:13-69
105            <intent-filter>
105-->[com.google.android.gms:play-services-measurement:17.2.2] AndroidManifest.xml:39:13-41:29
106                <action android:name="com.android.vending.INSTALL_REFERRER" />
106-->[com.google.android.gms:play-services-measurement:17.2.2] AndroidManifest.xml:40:17-79
106-->[com.google.android.gms:play-services-measurement:17.2.2] AndroidManifest.xml:40:25-76
107            </intent-filter>
108        </receiver>
109
110        <service
110-->[com.google.android.gms:play-services-measurement:17.2.2] AndroidManifest.xml:44:9-47:40
111            android:name="com.google.android.gms.measurement.AppMeasurementService"
111-->[com.google.android.gms:play-services-measurement:17.2.2] AndroidManifest.xml:45:13-84
112            android:enabled="true"
112-->[com.google.android.gms:play-services-measurement:17.2.2] AndroidManifest.xml:46:13-35
113            android:exported="false" />
113-->[com.google.android.gms:play-services-measurement:17.2.2] AndroidManifest.xml:47:13-37
114        <service
114-->[com.google.android.gms:play-services-measurement:17.2.2] AndroidManifest.xml:48:9-52:72
115            android:name="com.google.android.gms.measurement.AppMeasurementJobService"
115-->[com.google.android.gms:play-services-measurement:17.2.2] AndroidManifest.xml:49:13-87
116            android:enabled="true"
116-->[com.google.android.gms:play-services-measurement:17.2.2] AndroidManifest.xml:50:13-35
117            android:exported="false"
117-->[com.google.android.gms:play-services-measurement:17.2.2] AndroidManifest.xml:51:13-37
118            android:permission="android.permission.BIND_JOB_SERVICE" />
118-->[com.google.android.gms:play-services-measurement:17.2.2] AndroidManifest.xml:52:13-69
119
120        <receiver
120-->[com.google.firebase:firebase-iid:20.0.2] AndroidManifest.xml:37:9-44:20
121            android:name="com.google.firebase.iid.FirebaseInstanceIdReceiver"
121-->[com.google.firebase:firebase-iid:20.0.2] AndroidManifest.xml:38:13-78
122            android:exported="true"
122-->[com.google.firebase:firebase-iid:20.0.2] AndroidManifest.xml:39:13-36
123            android:permission="com.google.android.c2dm.permission.SEND" >
123-->[com.google.firebase:firebase-iid:20.0.2] AndroidManifest.xml:40:13-73
124            <intent-filter>
124-->[com.google.firebase:firebase-iid:20.0.2] AndroidManifest.xml:41:13-43:29
125                <action android:name="com.google.android.c2dm.intent.RECEIVE" />
125-->[com.google.firebase:firebase-iid:20.0.2] AndroidManifest.xml:42:17-81
125-->[com.google.firebase:firebase-iid:20.0.2] AndroidManifest.xml:42:25-78
126            </intent-filter>
127        </receiver>
128
129        <provider
129-->[com.google.firebase:firebase-common:19.3.0] AndroidManifest.xml:26:9-30:39
130            android:name="com.google.firebase.provider.FirebaseInitProvider"
130-->[com.google.firebase:firebase-common:19.3.0] AndroidManifest.xml:27:13-77
131            android:authorities="com.example.tenjin.firebaseinitprovider"
131-->[com.google.firebase:firebase-common:19.3.0] AndroidManifest.xml:28:13-72
132            android:exported="false"
132-->[com.google.firebase:firebase-common:19.3.0] AndroidManifest.xml:29:13-37
133            android:initOrder="100" />
133-->[com.google.firebase:firebase-common:19.3.0] AndroidManifest.xml:30:13-36
134
135        <activity
135-->[com.google.android.gms:play-services-base:17.1.0] AndroidManifest.xml:23:9-26:75
136            android:name="com.google.android.gms.common.api.GoogleApiActivity"
136-->[com.google.android.gms:play-services-base:17.1.0] AndroidManifest.xml:24:13-79
137            android:exported="false"
137-->[com.google.android.gms:play-services-base:17.1.0] AndroidManifest.xml:25:13-37
138            android:theme="@android:style/Theme.Translucent.NoTitleBar" />
138-->[com.google.android.gms:play-services-base:17.1.0] AndroidManifest.xml:26:13-72
139
140        <meta-data
140-->[com.google.android.gms:play-services-basement:17.0.0] AndroidManifest.xml:23:9-25:69
141            android:name="com.google.android.gms.version"
141-->[com.google.android.gms:play-services-basement:17.0.0] AndroidManifest.xml:24:13-58
142            android:value="@integer/google_play_services_version" />
142-->[com.google.android.gms:play-services-basement:17.0.0] AndroidManifest.xml:25:13-66
143    </application>
144
145</manifest>